#
# A fatal error has been detected by the Java Runtime Environment:
#
#  EXCEPTION_ACCESS_VIOLATION (0xc0000005) at pc=0x00007ffaef52e806, pid=8196, tid=7132
#
# JRE version: OpenJDK Runtime Environment Temurin-17.0.1+12 (17.0.1+12) (build 17.0.1+12)
# Java VM: OpenJDK 64-Bit Server VM Temurin-17.0.1+12 (17.0.1+12, mixed mode, tiered, compressed oops, compressed class ptrs, parallel gc, windows-amd64)
# Problematic frame:
# V  [jvm.dll+0x67e806]
#
# No core dump will be written. Minidumps are not enabled by default on client versions of Windows
#
# If you would like to submit a bug report, please visit:
#   https://github.com/adoptium/adoptium-support/issues
#

---------------  S U M M A R Y ------------

Command Line: --add-modules=ALL-SYSTEM --add-opens=java.base/java.util=ALL-UNNAMED --add-opens=java.base/java.lang=ALL-UNNAMED -Declipse.application=org.eclipse.jdt.ls.core.id1 -Dosgi.bundles.defaultStartLevel=4 -Declipse.product=org.eclipse.jdt.ls.core.product -Djava.import.generatesMetadataFilesAtProjectRoot=false -Dfile.encoding=utf8 -DwatchParentProcess=false -XX:+UseParallelGC -XX:GCTimeRatio=4 -XX:AdaptiveSizePolicyWeight=90 -Dsun.zip.disableMemoryMapping=true -Xmx1G -Xms100m -XX:+HeapDumpOnOutOfMemoryError -XX:HeapDumpPath=c:\Users\patri\AppData\Roaming\Code\User\workspaceStorage\39c773b0843f3eb48572b34db7eaa642\redhat.java c:\Users\patri\.vscode\extensions\redhat.java-1.2.0\server\plugins\org.eclipse.equinox.launcher_1.6.400.v20210924-0641.jar -configuration c:\Users\patri\AppData\Roaming\Code\User\globalStorage\redhat.java\1.2.0\config_win -data c:\Users\patri\AppData\Roaming\Code\User\workspaceStorage\39c773b0843f3eb48572b34db7eaa642\redhat.java\jdt_ws

Host: Intel(R) Atom(TM) x5-Z8350  CPU @ 1.44GHz, 4 cores, 3G,  Windows 10 , 64 bit Build 19041 (10.0.19041.1466)
Time: Mon Jan 24 15:00:26 2022 Hora oficial do Brasil elapsed time: 2444.633969 seconds (0d 0h 40m 44s)

---------------  T H R E A D  ---------------

Current thread (0x000002b2adae0dd0):  GCTaskThread "GC Thread#1" [stack: 0x000000e69d000000,0x000000e69d100000] [id=7132]

Stack: [0x000000e69d000000,0x000000e69d100000],  sp=0x000000e69d0ff518,  free space=1021k
Native frames: (J=compiled Java code, j=interpreted, Vv=VM code, C=native code)
V  [jvm.dll+0x67e806]
V  [jvm.dll+0x6a6dbd]
V  [jvm.dll+0x6a70dd]
V  [jvm.dll+0x6af6d1]
V  [jvm.dll+0x6b05ea]
V  [jvm.dll+0x85b53b]
V  [jvm.dll+0x85b586]
V  [jvm.dll+0x7de51a]
V  [jvm.dll+0x673305]
C  [ucrtbase.dll+0x21bb2]
C  [KERNEL32.DLL+0x17034]
C  [ntdll.dll+0x52651]


siginfo: EXCEPTION_ACCESS_VIOLATION (0xc0000005), reading address 0xffffffffffffffff


Register to memory mapping:

RIP=0x00007ffaef52e806 jvm.dll
RAX=0x000002b2aadd0000 points into unknown readable memory: 0x4924800008924002 | 02 40 92 08 00 80 24 49
RBX=0x00000000c68b4330 is an oop: [Ljava.util.ArrayList; 
{0x00000000c68b4330} - klass: 'java/util/ArrayList'[]
 - length: -1811939326
RCX=0x0000000000000068 is an unknown value
RDX=0x1fffffffcad16868 is an unknown value
RSP=0x000000e69d0ff518 points into unknown readable memory: 0x00007ffaef556dbd | bd 6d 55 ef fa 7f 00 00
RBP=0x000002b2abef0640 points into unknown readable memory: 0x000002b295f20150 | 50 01 f2 95 b2 02 00 00
RSI=0xffffffffca000003 is an unknown value
RDI=0xffffffffca000003 is an unknown value
R8 =0x040002b2a4372d08 is an unknown value
R9 =0x0000000000000001 is an unknown value
R10=0x0000000000d16866 is an unknown value
R11=0x00007ffaefa32a60 jvm.dll
R12=0x0 is NULL
R13=0x0000000000000010 is an unknown value
R14=0x00000000c68add2c is pointing into object: [Ljava.lang.Object; 
{0x00000000c68adb88} - klass: 'java/lang/Object'[]
 - length: 101
R15=0x00007ffaef9c26a0 jvm.dll


Registers:
RAX=0x000002b2aadd0000, RBX=0x00000000c68b4330, RCX=0x0000000000000068, RDX=0x1fffffffcad16868
RSP=0x000000e69d0ff518, RBP=0x000002b2abef0640, RSI=0xffffffffca000003, RDI=0xffffffffca000003
R8 =0x040002b2a4372d08, R9 =0x0000000000000001, R10=0x0000000000d16866, R11=0x00007ffaefa32a60
R12=0x0000000000000000, R13=0x0000000000000010, R14=0x00000000c68add2c, R15=0x00007ffaef9c26a0
RIP=0x00007ffaef52e806, EFLAGS=0x0000000000010203

Top of Stack: (sp=0x000000e69d0ff518)
0x000000e69d0ff518:   00007ffaef556dbd 00000000c68b4330
0x000000e69d0ff528:   00000000c68adc98 00007ffaef9c26a0
0x000000e69d0ff538:   00007ffaef7c5980 00007ffaef7c5980
0x000000e69d0ff548:   00007ffaef5570dd 000002b2abef0640
0x000000e69d0ff558:   000000e69d0ff5b9 00007ffaef85d278
0x000000e69d0ff568:   0000000000001b26 00000dea000003a9
0x000000e69d0ff578:   00007ffaef55774d 00000000c11e2488
0x000000e69d0ff588:   0000000000000005 00000000c5784948
0x000000e69d0ff598:   00007ffaef55653f 000002b2abef0640
0x000000e69d0ff5a8:   00007ffaef555061 00007ffaef7c5980
0x000000e69d0ff5b8:   000002b2abe8ce40 000002b200000003
0x000000e69d0ff5c8:   000002b2abef0640 0000000000000000
0x000000e69d0ff5d8:   0000000000000000 0000000000000003
0x000000e69d0ff5e8:   000000e69c0fec40 000000e69c0fec48
0x000000e69d0ff5f8:   00007ffaef9c26a0 000000000000000c
0x000000e69d0ff608:   00007ffaef85d278 000002b2abef0640 

Instructions: (pc=0x00007ffaef52e806)
0x00007ffaef52e706:   20 48 8b d3 e8 11 f9 ff ff 48 8b c8 4c 8b c6 48
0x00007ffaef52e716:   2b cb 48 ff c1 48 03 f9 48 8d 50 01 49 8d 4e 10
0x00007ffaef52e726:   e8 f5 f8 ff ff 48 8b d8 48 3b c5 72 cd 8b 0d df
0x00007ffaef52e736:   fa 47 00 48 8b 5c 24 40 48 8b 6c 24 48 48 8b 74
0x00007ffaef52e746:   24 50 48 d3 e7 48 8b c7 48 83 c4 20 41 5f 41 5e
0x00007ffaef52e756:   5f c3 cc cc cc cc cc cc cc cc 48 89 5c 24 08 48
0x00007ffaef52e766:   89 7c 24 10 4c 8b d9 4c 8b d2 4c 2b 11 48 8b da
0x00007ffaef52e776:   8b 0d 9c fa 47 00 49 8b f8 49 c1 ea 03 49 8b 43
0x00007ffaef52e786:   10 49 d3 ea 41 0f b6 ca 4d 8b ca 80 e1 3f 49 c1
0x00007ffaef52e796:   e9 06 4e 8d 04 c8 41 b9 01 00 00 00 49 8b 00 41
0x00007ffaef52e7a6:   8b d1 48 d3 e2 48 8b c8 48 0b ca 48 3b c8 74 12
0x00007ffaef52e7b6:   f0 49 0f b1 08 74 18 48 8b c8 48 0b ca 48 3b c8
0x00007ffaef52e7c6:   75 ee 32 c0 48 8b 5c 24 08 48 8b 7c 24 10 c3 8b
0x00007ffaef52e7d6:   0d 3d fa 47 00 48 8d 04 fd 00 00 00 00 49 2b 03
0x00007ffaef52e7e6:   48 8d 53 f8 48 03 d0 49 8b 43 20 48 c1 ea 03 48
0x00007ffaef52e7f6:   d3 ea 48 8b ca 48 c1 e9 06 4c 8d 04 c8 0f b6 ca
0x00007ffaef52e806:   49 8b 00 80 e1 3f 49 d3 e1 48 8b c8 49 0b c9 48
0x00007ffaef52e816:   3b c8 74 18 66 0f 1f 44 00 00 f0 49 0f b1 08 74
0x00007ffaef52e826:   0b 48 8b c8 49 0b c9 48 3b c8 75 ee 48 8b 5c 24
0x00007ffaef52e836:   08 b0 01 48 8b 7c 24 10 c3 cc e9 5b fe c9 ff cc
0x00007ffaef52e846:   cc cc cc cc cc cc cc cc cc cc 40 53 48 83 ec 30
0x00007ffaef52e856:   45 33 c0 b9 d8 00 00 00 41 8d 50 08 e8 69 75 a2
0x00007ffaef52e866:   ff 48 8b d8 48 85 c0 74 6a 48 8b c8 e8 49 12 b9
0x00007ffaef52e876:   ff 48 8d 05 ea 9a 32 00 48 8d 4b 60 48 89 03 e8
0x00007ffaef52e886:   46 de 0c 00 33 c0 48 8d 8b a0 00 00 00 89 43 70
0x00007ffaef52e896:   48 8d 15 9b 05 2d 00 48 89 43 78 41 b1 01 48 89
0x00007ffaef52e8a6:   83 80 00 00 00 48 89 83 88 00 00 00 48 89 83 90
0x00007ffaef52e8b6:   00 00 00 48 89 83 98 00 00 00 44 8b 05 49 a8 4e
0x00007ffaef52e8c6:   00 88 44 24 20 e8 20 c7 1d 00 48 8b c3 48 83 c4
0x00007ffaef52e8d6:   30 5b c3 48 83 c4 30 5b c3 cc 80 3d d3 a8 4e 00
0x00007ffaef52e8e6:   00 75 10 48 8b 05 58 37 50 00 48 8b 40 20 48 83
0x00007ffaef52e8f6:   c0 38 c3 48 c7 c0 ff ff ff ff c3 cc cc cc cc cc 


Stack slot to memory mapping:
stack at sp + 0 slots: 0x00007ffaef556dbd jvm.dll
stack at sp + 1 slots: 0x00000000c68b4330 is an oop: [Ljava.util.ArrayList; 
{0x00000000c68b4330} - klass: 'java/util/ArrayList'[]
 - length: -1811939326
stack at sp + 2 slots: 0x00000000c68adc98 is pointing into object: [Ljava.lang.Object; 
{0x00000000c68adb88} - klass: 'java/lang/Object'[]
 - length: 101
stack at sp + 3 slots: 0x00007ffaef9c26a0 jvm.dll
stack at sp + 4 slots: 0x00007ffaef7c5980 jvm.dll
stack at sp + 5 slots: 0x00007ffaef7c5980 jvm.dll
stack at sp + 6 slots: 0x00007ffaef5570dd jvm.dll
stack at sp + 7 slots: 0x000002b2abef0640 points into unknown readable memory: 0x000002b295f20150 | 50 01 f2 95 b2 02 00 00


---------------  P R O C E S S  ---------------

Threads class SMR info:
_java_thread_list=0x000002b2b35c7a50, length=33, elements={
0x000002b29813cc60, 0x000002b2abf4c740, 0x000002b2abf51710, 0x000002b2abf76260,
0x000002b2abf76e10, 0x000002b2abf89210, 0x000002b2abf89dc0, 0x000002b2abf8cb60,
0x000002b2abf90f00, 0x000002b2ad92c1c0, 0x000002b2abe50a60, 0x000002b2adac6340,
0x000002b2add124b0, 0x000002b2adfa15c0, 0x000002b2ade68490, 0x000002b2adbc0720,
0x000002b2adee3ae0, 0x000002b2ae2ea250, 0x000002b2ae43dae0, 0x000002b2afbef700,
0x000002b2afbeed60, 0x000002b2bf5690f0, 0x000002b2bf56a430, 0x000002b2bf56bc40,
0x000002b2b4b131a0, 0x000002b2b4b13b40, 0x000002b2b4b17ea0, 0x000002b2b17b8890,
0x000002b2bf56b2a0, 0x000002b2bf5695c0, 0x000002b2b17b7550, 0x000002b2b4b161c0,
0x000002b2afbeaa00
}

Java Threads: ( => current thread )
  0x000002b29813cc60 JavaThread "main" [_thread_blocked, id=8360, stack(0x000000e69be00000,0x000000e69bf00000)]
  0x000002b2abf4c740 JavaThread "Reference Handler" daemon [_thread_blocked, id=8136, stack(0x000000e69c100000,0x000000e69c200000)]
  0x000002b2abf51710 JavaThread "Finalizer" daemon [_thread_blocked, id=6140, stack(0x000000e69c200000,0x000000e69c300000)]
  0x000002b2abf76260 JavaThread "Signal Dispatcher" daemon [_thread_blocked, id=7116, stack(0x000000e69c300000,0x000000e69c400000)]
  0x000002b2abf76e10 JavaThread "Attach Listener" daemon [_thread_blocked, id=6452, stack(0x000000e69c400000,0x000000e69c500000)]
  0x000002b2abf89210 JavaThread "Service Thread" daemon [_thread_blocked, id=1232, stack(0x000000e69c500000,0x000000e69c600000)]
  0x000002b2abf89dc0 JavaThread "Monitor Deflation Thread" daemon [_thread_blocked, id=5252, stack(0x000000e69c600000,0x000000e69c700000)]
  0x000002b2abf8cb60 JavaThread "C2 CompilerThread0" daemon [_thread_blocked, id=7524, stack(0x000000e69c700000,0x000000e69c800000)]
  0x000002b2abf90f00 JavaThread "C1 CompilerThread0" daemon [_thread_blocked, id=7600, stack(0x000000e69c800000,0x000000e69c900000)]
  0x000002b2ad92c1c0 JavaThread "Sweeper thread" daemon [_thread_blocked, id=4056, stack(0x000000e69c900000,0x000000e69ca00000)]
  0x000002b2abe50a60 JavaThread "Common-Cleaner" daemon [_thread_blocked, id=3816, stack(0x000000e69ca00000,0x000000e69cb00000)]
  0x000002b2adac6340 JavaThread "Notification Thread" daemon [_thread_blocked, id=6380, stack(0x000000e69cb00000,0x000000e69cc00000)]
  0x000002b2add124b0 JavaThread "Active Thread: Equinox Container: d08348aa-b440-4c41-9f5d-b26761c9b572" [_thread_blocked, id=3116, stack(0x000000e69cd00000,0x000000e69ce00000)]
  0x000002b2adfa15c0 JavaThread "Framework Event Dispatcher: Equinox Container: d08348aa-b440-4c41-9f5d-b26761c9b572" daemon [_thread_blocked, id=6544, stack(0x000000e69d300000,0x000000e69d400000)]
  0x000002b2ade68490 JavaThread "Start Level: Equinox Container: d08348aa-b440-4c41-9f5d-b26761c9b572" daemon [_thread_blocked, id=5496, stack(0x000000e69d400000,0x000000e69d500000)]
  0x000002b2adbc0720 JavaThread "SCR Component Actor" daemon [_thread_blocked, id=6516, stack(0x000000e69d500000,0x000000e69d600000)]
  0x000002b2adee3ae0 JavaThread "Bundle File Closer" daemon [_thread_blocked, id=9156, stack(0x000000e69bc00000,0x000000e69bd00000)]
  0x000002b2ae2ea250 JavaThread "Worker-JM" [_thread_blocked, id=8728, stack(0x000000e69d600000,0x000000e69d700000)]
  0x000002b2ae43dae0 JavaThread "Java indexing" daemon [_thread_blocked, id=8040, stack(0x000000e69da00000,0x000000e69db00000)]
  0x000002b2afbef700 JavaThread "pool-2-thread-1" [_thread_blocked, id=3980, stack(0x000000e69db00000,0x000000e69dc00000)]
  0x000002b2afbeed60 JavaThread "ForkJoinPool.commonPool-worker-2" daemon [_thread_blocked, id=6328, stack(0x000000e69dd00000,0x000000e69de00000)]
  0x000002b2bf5690f0 JavaThread "ForkJoinPool.commonPool-worker-4" daemon [_thread_blocked, id=7632, stack(0x000000e69ce00000,0x000000e69cf00000)]
  0x000002b2bf56a430 JavaThread "ForkJoinPool.commonPool-worker-7" daemon [_thread_blocked, id=2032, stack(0x000000e69bb00000,0x000000e69bc00000)]
  0x000002b2bf56bc40 JavaThread "ForkJoinPool.commonPool-worker-8" daemon [_thread_blocked, id=2884, stack(0x000000e69d800000,0x000000e69d900000)]
  0x000002b2b4b131a0 JavaThread "Java Debug Server" daemon [_thread_in_native, id=8692, stack(0x000000e69f600000,0x000000e69f700000)]
  0x000002b2b4b13b40 JavaThread "RxSchedulerPurge-1" daemon [_thread_blocked, id=3852, stack(0x000000e69f800000,0x000000e69f900000)]
  0x000002b2b4b17ea0 JavaThread "RxCachedWorkerPoolEvictor-1" daemon [_thread_blocked, id=5880, stack(0x000000e69f900000,0x000000e69fa00000)]
  0x000002b2b17b8890 JavaThread "ForkJoinPool.commonPool-worker-11" daemon [_thread_blocked, id=6836, stack(0x000000e69e300000,0x000000e69e400000)]
  0x000002b2bf56b2a0 JavaThread "Worker-17" [_thread_blocked, id=5392, stack(0x000000e69cf00000,0x000000e69d000000)]
  0x000002b2bf5695c0 JavaThread "Worker-18" [_thread_blocked, id=7540, stack(0x000000e69d700000,0x000000e69d800000)]
  0x000002b2b17b7550 JavaThread "Worker-20" [_thread_blocked, id=6220, stack(0x000000e69bd00000,0x000000e69be00000)]
  0x000002b2b4b161c0 JavaThread "Worker-21" [_thread_blocked, id=2728, stack(0x000000e69e400000,0x000000e69e500000)]
  0x000002b2afbeaa00 JavaThread "pool-122-thread-1" [_thread_blocked, id=6652, stack(0x000000e69e500000,0x000000e69e600000)]

Other Threads:
  0x000002b2abf370a0 VMThread "VM Thread" [stack: 0x000000e69c000000,0x000000e69c100000] [id=6636]
  0x000002b2adac6810 WatcherThread [stack: 0x000000e69cc00000,0x000000e69cd00000] [id=6656]
  0x000002b2981556a0 GCTaskThread "GC Thread#0" [stack: 0x000000e69bf00000,0x000000e69c000000] [id=8556]
=>0x000002b2adae0dd0 GCTaskThread "GC Thread#1" [stack: 0x000000e69d000000,0x000000e69d100000] [id=7132]
  0x000002b2adae0060 GCTaskThread "GC Thread#2" [stack: 0x000000e69d100000,0x000000e69d200000] [id=6800]
  0x000002b2adae15e0 GCTaskThread "GC Thread#3" [stack: 0x000000e69d200000,0x000000e69d300000] [id=6040]

Threads with active compile tasks:

VM state: at safepoint (normal execution)

VM Mutex/Monitor currently owned by a thread:  ([mutex/lock_event])
[0x000002b298138a90] Threads_lock - owner thread: 0x000002b2abf370a0
[0x000002b29813a670] Heap_lock - owner thread: 0x000002b2bf5690f0

Heap address: 0x00000000c0000000, size: 1024 MB, Compressed Oops mode: 32-bit

CDS archive(s) not mapped
Compressed class space mapped at: 0x0000000100000000-0x0000000140000000, reserved size: 1073741824
Narrow klass base: 0x0000000000000000, Narrow klass shift: 3, Narrow klass range: 0x140000000

GC Precious Log:
 CPUs: 4 total, 4 available
 Memory: 3955M
 Large Page Support: Disabled
 NUMA Support: Disabled
 Compressed Oops: Enabled (32-bit)
 Alignments: Space 512K, Generation 512K, Heap 2M
 Heap Min Capacity: 100M
 Heap Initial Capacity: 100M
 Heap Max Capacity: 1G
 Pre-touch: Disabled
 Parallel Workers: 4

Heap:
 PSYoungGen      total 7168K, used 2045K [0x00000000eab00000, 0x00000000ebc00000, 0x0000000100000000)
  eden space 5120K, 0% used [0x00000000eab00000,0x00000000eab00000,0x00000000eb000000)
  from space 2048K, 99% used [0x00000000eb000000,0x00000000eb1ff520,0x00000000eb200000)
  to   space 6144K, 0% used [0x00000000eb600000,0x00000000eb600000,0x00000000ebc00000)
 ParOldGen       total 198144K, used 197734K [0x00000000c0000000, 0x00000000cc180000, 0x00000000eab00000)
  object space 198144K, 99% used [0x00000000c0000000,0x00000000cc119b48,0x00000000cc180000)
 Metaspace       used 94471K, committed 95680K, reserved 1138688K
  class space    used 9457K, committed 9984K, reserved 1048576K

Card table byte_map: [0x000002b297b00000,0x000002b297d10000] _byte_map_base: 0x000002b297500000

Marking Bits: (ParMarkBitMap*) 0x00007ffaefa32a60
 Begin Bits: [0x000002b2a9dd0000, 0x000002b2aadd0000)
 End Bits:   [0x000002b2aadd0000, 0x000002b2abdd0000)

Polling page: 0x000002b2960b0000

Metaspace:

Usage:
  Non-class:     83.02 MB used.
      Class:      9.24 MB used.
       Both:     92.26 MB used.

Virtual space:
  Non-class space:       88.00 MB reserved,      83.69 MB ( 95%) committed,  11 nodes.
      Class space:        1.00 GB reserved,       9.75 MB ( <1%) committed,  1 nodes.
             Both:        1.09 GB reserved,      93.44 MB (  8%) committed. 

Chunk freelists:
   Non-Class:  3.66 MB
       Class:  2.08 MB
        Both:  5.74 MB

MaxMetaspaceSize: unlimited
CompressedClassSpaceSize: 1.00 GB
Initial GC threshold: 21.00 MB
Current GC threshold: 155.56 MB
CDS: off
MetaspaceReclaimPolicy: balanced
 - commit_granule_bytes: 65536.
 - commit_granule_words: 8192.
 - virtual_space_node_default_size: 1048576.
 - enlarge_chunks_in_place: 1.
 - new_chunks_are_fully_committed: 0.
 - uncommit_free_chunks: 1.
 - use_allocation_guard: 0.
 - handle_deallocations: 1.


Internal statistics:

num_allocs_failed_limit: 6.
num_arena_births: 834.
num_arena_deaths: 158.
num_vsnodes_births: 12.
num_vsnodes_deaths: 0.
num_space_committed: 1505.
num_space_uncommitted: 10.
num_chunks_returned_to_freelist: 227.
num_chunks_taken_from_freelist: 4783.
num_chunk_merges: 70.
num_chunk_splits: 2953.
num_chunks_enlarged: 1773.
num_purges: 22.
num_inconsistent_stats: 0.

CodeHeap 'non-profiled nmethods': size=120000Kb used=21734Kb max_used=21860Kb free=98265Kb
 bounds [0x000002b2a28a0000, 0x000002b2a3e10000, 0x000002b2a9dd0000]
CodeHeap 'profiled nmethods': size=120000Kb used=40180Kb max_used=40191Kb free=79819Kb
 bounds [0x000002b29b370000, 0x000002b29db00000, 0x000002b2a28a0000]
CodeHeap 'non-nmethods': size=5760Kb used=1441Kb max_used=1507Kb free=4318Kb
 bounds [0x000002b29add0000, 0x000002b29b040000, 0x000002b29b370000]
 total_blobs=18960 nmethods=18165 adapters=707
 compilation: enabled
              stopped_count=0, restarted_count=0
 full_count=0

Compilation events (20 events):
Event: 2440.717 Thread 0x000002b2adbb9600 nmethod 26575 0x000002b2a3795510 code [0x000002b2a3795680, 0x000002b2a3795718]
Event: 2440.785 Thread 0x000002b2adbb9600 26576       4       java.util.regex.Matcher::replaceFirst (63 bytes)
Event: 2440.830 Thread 0x000002b2abf8cb60 nmethod 26572 0x000002b2a3d69890 code [0x000002b2a3d69b00, 0x000002b2a3d6ad80]
Event: 2440.961 Thread 0x000002b2abf90f00 26577       3       org.eclipse.jdt.internal.compiler.ASTVisitor::endVisit (1 bytes)
Event: 2440.961 Thread 0x000002b2abf90f00 nmethod 26577 0x000002b29cb0c690 code [0x000002b29cb0c820, 0x000002b29cb0c938]
Event: 2440.971 Thread 0x000002b2adbb9600 nmethod 26576 0x000002b2a2c65710 code [0x000002b2a2c659a0, 0x000002b2a2c66ae0]
Event: 2441.025 Thread 0x000002b2abf90f00 26578       3       org.eclipse.jdt.internal.compiler.ASTVisitor::endVisit (1 bytes)
Event: 2441.026 Thread 0x000002b2abf90f00 nmethod 26578 0x000002b29d08c510 code [0x000002b29d08c6a0, 0x000002b29d08c7b8]
Event: 2441.052 Thread 0x000002b2abf8cb60 26579       4       org.eclipse.jdt.internal.compiler.ClassFile$$Lambda$341/0x0000000100633720::test (12 bytes)
Event: 2441.056 Thread 0x000002b2abf8cb60 nmethod 26579 0x000002b2a2c65410 code [0x000002b2a2c65580, 0x000002b2a2c65638]
Event: 2441.408 Thread 0x000002b2adbb9600 26580       4       java.io.BufferedInputStream::fill (203 bytes)
Event: 2441.425 Thread 0x000002b2adbb9600 nmethod 26580 0x000002b2a2c64b90 code [0x000002b2a2c64d40, 0x000002b2a2c65178]
Event: 2442.887 Thread 0x000002b2abf8cb60 26581       4       org.eclipse.jdt.internal.compiler.lookup.TypeVariableBinding::internalBoundCheck (1025 bytes)
Event: 2443.085 Thread 0x000002b2abf90f00 26584       2       java.util.Arrays::fill (21 bytes)
Event: 2443.086 Thread 0x000002b2abf90f00 nmethod 26584 0x000002b29d08be90 code [0x000002b29d08c020, 0x000002b29d08c1f8]
Event: 2443.154 Thread 0x000002b2abf8cb60 nmethod 26581 0x000002b2a37ba010 code [0x000002b2a37ba440, 0x000002b2a37bbf88]
Event: 2443.155 Thread 0x000002b2abf8cb60 26583       4       org.eclipse.jdt.internal.compiler.lookup.InferenceContext18::<init> (80 bytes)
Event: 2443.258 Thread 0x000002b2abf8cb60 nmethod 26583 0x000002b2a32f9410 code [0x000002b2a32f9660, 0x000002b2a32fa450]
Event: 2443.326 Thread 0x000002b2abf90f00 26585       1       org.eclipse.jdt.core.dom.ASTVisitor::visit (2 bytes)
Event: 2443.326 Thread 0x000002b2abf90f00 nmethod 26585 0x000002b2a2c64890 code [0x000002b2a2c64a20, 0x000002b2a2c64af8]

GC Heap History (20 events):
Event: 2443.064 GC heap after
{Heap after GC invocations=5526 (full 109):
 PSYoungGen      total 3584K, used 804K [0x00000000eab00000, 0x00000000eaf80000, 0x0000000100000000)
  eden space 2560K, 0% used [0x00000000eab00000,0x00000000eab00000,0x00000000ead80000)
  from space 1024K, 78% used [0x00000000eae80000,0x00000000eaf49210,0x00000000eaf80000)
  to   space 1024K, 0% used [0x00000000ead80000,0x00000000ead80000,0x00000000eae80000)
 ParOldGen       total 197120K, used 189059K [0x00000000c0000000, 0x00000000cc080000, 0x00000000eab00000)
  object space 197120K, 95% used [0x00000000c0000000,0x00000000cb8a0d08,0x00000000cc080000)
 Metaspace       used 94470K, committed 95680K, reserved 1138688K
  class space    used 9457K, committed 9984K, reserved 1048576K
}
Event: 2443.106 GC heap before
{Heap before GC invocations=5527 (full 109):
 PSYoungGen      total 3584K, used 3364K [0x00000000eab00000, 0x00000000eaf80000, 0x0000000100000000)
  eden space 2560K, 100% used [0x00000000eab00000,0x00000000ead80000,0x00000000ead80000)
  from space 1024K, 78% used [0x00000000eae80000,0x00000000eaf49210,0x00000000eaf80000)
  to   space 1024K, 0% used [0x00000000ead80000,0x00000000ead80000,0x00000000eae80000)
 ParOldGen       total 197120K, used 189059K [0x00000000c0000000, 0x00000000cc080000, 0x00000000eab00000)
  object space 197120K, 95% used [0x00000000c0000000,0x00000000cb8a0d08,0x00000000cc080000)
 Metaspace       used 94470K, committed 95680K, reserved 1138688K
  class space    used 9457K, committed 9984K, reserved 1048576K
}
Event: 2443.110 GC heap after
{Heap after GC invocations=5527 (full 109):
 PSYoungGen      total 3584K, used 628K [0x00000000eab00000, 0x00000000eaf80000, 0x0000000100000000)
  eden space 2560K, 0% used [0x00000000eab00000,0x00000000eab00000,0x00000000ead80000)
  from space 1024K, 61% used [0x00000000ead80000,0x00000000eae1d200,0x00000000eae80000)
  to   space 1024K, 0% used [0x00000000eae80000,0x00000000eae80000,0x00000000eaf80000)
 ParOldGen       total 197120K, used 189059K [0x00000000c0000000, 0x00000000cc080000, 0x00000000eab00000)
  object space 197120K, 95% used [0x00000000c0000000,0x00000000cb8a0d08,0x00000000cc080000)
 Metaspace       used 94470K, committed 95680K, reserved 1138688K
  class space    used 9457K, committed 9984K, reserved 1048576K
}
Event: 2444.018 GC heap before
{Heap before GC invocations=5528 (full 109):
 PSYoungGen      total 3584K, used 3188K [0x00000000eab00000, 0x00000000eaf80000, 0x0000000100000000)
  eden space 2560K, 100% used [0x00000000eab00000,0x00000000ead80000,0x00000000ead80000)
  from space 1024K, 61% used [0x00000000ead80000,0x00000000eae1d200,0x00000000eae80000)
  to   space 1024K, 0% used [0x00000000eae80000,0x00000000eae80000,0x00000000eaf80000)
 ParOldGen       total 197120K, used 189059K [0x00000000c0000000, 0x00000000cc080000, 0x00000000eab00000)
  object space 197120K, 95% used [0x00000000c0000000,0x00000000cb8a0d08,0x00000000cc080000)
 Metaspace       used 94471K, committed 95680K, reserved 1138688K
  class space    used 9457K, committed 9984K, reserved 1048576K
}
Event: 2444.023 GC heap after
{Heap after GC invocations=5528 (full 109):
 PSYoungGen      total 3584K, used 666K [0x00000000eab00000, 0x00000000eaf80000, 0x0000000100000000)
  eden space 2560K, 0% used [0x00000000eab00000,0x00000000eab00000,0x00000000ead80000)
  from space 1024K, 65% used [0x00000000eae80000,0x00000000eaf26900,0x00000000eaf80000)
  to   space 1024K, 0% used [0x00000000ead80000,0x00000000ead80000,0x00000000eae80000)
 ParOldGen       total 197120K, used 189075K [0x00000000c0000000, 0x00000000cc080000, 0x00000000eab00000)
  object space 197120K, 95% used [0x00000000c0000000,0x00000000cb8a4d08,0x00000000cc080000)
 Metaspace       used 94471K, committed 95680K, reserved 1138688K
  class space    used 9457K, committed 9984K, reserved 1048576K
}
Event: 2444.040 GC heap before
{Heap before GC invocations=5529 (full 109):
 PSYoungGen      total 3584K, used 3226K [0x00000000eab00000, 0x00000000eaf80000, 0x0000000100000000)
  eden space 2560K, 100% used [0x00000000eab00000,0x00000000ead80000,0x00000000ead80000)
  from space 1024K, 65% used [0x00000000eae80000,0x00000000eaf26900,0x00000000eaf80000)
  to   space 1024K, 0% used [0x00000000ead80000,0x00000000ead80000,0x00000000eae80000)
 ParOldGen       total 197120K, used 189075K [0x00000000c0000000, 0x00000000cc080000, 0x00000000eab00000)
  object space 197120K, 95% used [0x00000000c0000000,0x00000000cb8a4d08,0x00000000cc080000)
 Metaspace       used 94471K, committed 95680K, reserved 1138688K
  class space    used 9457K, committed 9984K, reserved 1048576K
}
Event: 2444.046 GC heap after
{Heap after GC invocations=5529 (full 109):
 PSYoungGen      total 3584K, used 1021K [0x00000000eab00000, 0x00000000eb180000, 0x0000000100000000)
  eden space 2560K, 0% used [0x00000000eab00000,0x00000000eab00000,0x00000000ead80000)
  from space 1024K, 99% used [0x00000000ead80000,0x00000000eae7f520,0x00000000eae80000)
  to   space 2048K, 0% used [0x00000000eaf80000,0x00000000eaf80000,0x00000000eb180000)
 ParOldGen       total 197120K, used 189847K [0x00000000c0000000, 0x00000000cc080000, 0x00000000eab00000)
  object space 197120K, 96% used [0x00000000c0000000,0x00000000cb965f08,0x00000000cc080000)
 Metaspace       used 94471K, committed 95680K, reserved 1138688K
  class space    used 9457K, committed 9984K, reserved 1048576K
}
Event: 2444.061 GC heap before
{Heap before GC invocations=5530 (full 109):
 PSYoungGen      total 3584K, used 3581K [0x00000000eab00000, 0x00000000eb180000, 0x0000000100000000)
  eden space 2560K, 99% used [0x00000000eab00000,0x00000000ead7ffe0,0x00000000ead80000)
  from space 1024K, 99% used [0x00000000ead80000,0x00000000eae7f520,0x00000000eae80000)
  to   space 2048K, 0% used [0x00000000eaf80000,0x00000000eaf80000,0x00000000eb180000)
 ParOldGen       total 197120K, used 189847K [0x00000000c0000000, 0x00000000cc080000, 0x00000000eab00000)
  object space 197120K, 96% used [0x00000000c0000000,0x00000000cb965f08,0x00000000cc080000)
 Metaspace       used 94471K, committed 95680K, reserved 1138688K
  class space    used 9457K, committed 9984K, reserved 1048576K
}
Event: 2444.069 GC heap after
{Heap after GC invocations=5530 (full 109):
 PSYoungGen      total 4608K, used 1248K [0x00000000eab00000, 0x00000000eb100000, 0x0000000100000000)
  eden space 3072K, 0% used [0x00000000eab00000,0x00000000eab00000,0x00000000eae00000)
  from space 1536K, 81% used [0x00000000eaf80000,0x00000000eb0b8000,0x00000000eb100000)
  to   space 1536K, 0% used [0x00000000eae00000,0x00000000eae00000,0x00000000eaf80000)
 ParOldGen       total 197120K, used 190733K [0x00000000c0000000, 0x00000000cc080000, 0x00000000eab00000)
  object space 197120K, 96% used [0x00000000c0000000,0x00000000cba43428,0x00000000cc080000)
 Metaspace       used 94471K, committed 95680K, reserved 1138688K
  class space    used 9457K, committed 9984K, reserved 1048576K
}
Event: 2444.126 GC heap before
{Heap before GC invocations=5531 (full 109):
 PSYoungGen      total 4608K, used 4320K [0x00000000eab00000, 0x00000000eb100000, 0x0000000100000000)
  eden space 3072K, 100% used [0x00000000eab00000,0x00000000eae00000,0x00000000eae00000)
  from space 1536K, 81% used [0x00000000eaf80000,0x00000000eb0b8000,0x00000000eb100000)
  to   space 1536K, 0% used [0x00000000eae00000,0x00000000eae00000,0x00000000eaf80000)
 ParOldGen       total 197120K, used 190733K [0x00000000c0000000, 0x00000000cc080000, 0x00000000eab00000)
  object space 197120K, 96% used [0x00000000c0000000,0x00000000cba43428,0x00000000cc080000)
 Metaspace       used 94471K, committed 95680K, reserved 1138688K
  class space    used 9457K, committed 9984K, reserved 1048576K
}
Event: 2444.137 GC heap after
{Heap after GC invocations=5531 (full 109):
 PSYoungGen      total 4608K, used 1536K [0x00000000eab00000, 0x00000000eb500000, 0x0000000100000000)
  eden space 3072K, 0% used [0x00000000eab00000,0x00000000eab00000,0x00000000eae00000)
  from space 1536K, 100% used [0x00000000eae00000,0x00000000eaf80000,0x00000000eaf80000)
  to   space 3072K, 0% used [0x00000000eb200000,0x00000000eb200000,0x00000000eb500000)
 ParOldGen       total 197120K, used 191957K [0x00000000c0000000, 0x00000000cc080000, 0x00000000eab00000)
  object space 197120K, 97% used [0x00000000c0000000,0x00000000cbb75428,0x00000000cc080000)
 Metaspace       used 94471K, committed 95680K, reserved 1138688K
  class space    used 9457K, committed 9984K, reserved 1048576K
}
Event: 2444.203 GC heap before
{Heap before GC invocations=5532 (full 109):
 PSYoungGen      total 4608K, used 4608K [0x00000000eab00000, 0x00000000eb500000, 0x0000000100000000)
  eden space 3072K, 100% used [0x00000000eab00000,0x00000000eae00000,0x00000000eae00000)
  from space 1536K, 100% used [0x00000000eae00000,0x00000000eaf80000,0x00000000eaf80000)
  to   space 3072K, 0% used [0x00000000eb200000,0x00000000eb200000,0x00000000eb500000)
 ParOldGen       total 197120K, used 191957K [0x00000000c0000000, 0x00000000cc080000, 0x00000000eab00000)
  object space 197120K, 97% used [0x00000000c0000000,0x00000000cbb75428,0x00000000cc080000)
 Metaspace       used 94471K, committed 95680K, reserved 1138688K
  class space    used 9457K, committed 9984K, reserved 1048576K
}
Event: 2444.215 GC heap after
{Heap after GC invocations=5532 (full 109):
 PSYoungGen      total 6656K, used 2269K [0x00000000eab00000, 0x00000000eb480000, 0x0000000100000000)
  eden space 4096K, 0% used [0x00000000eab00000,0x00000000eab00000,0x00000000eaf00000)
  from space 2560K, 88% used [0x00000000eb200000,0x00000000eb437520,0x00000000eb480000)
  to   space 2560K, 0% used [0x00000000eaf80000,0x00000000eaf80000,0x00000000eb200000)
 ParOldGen       total 197120K, used 193261K [0x00000000c0000000, 0x00000000cc080000, 0x00000000eab00000)
  object space 197120K, 98% used [0x00000000c0000000,0x00000000cbcbb428,0x00000000cc080000)
 Metaspace       used 94471K, committed 95680K, reserved 1138688K
  class space    used 9457K, committed 9984K, reserved 1048576K
}
Event: 2444.274 GC heap before
{Heap before GC invocations=5533 (full 109):
 PSYoungGen      total 6656K, used 6365K [0x00000000eab00000, 0x00000000eb480000, 0x0000000100000000)
  eden space 4096K, 99% used [0x00000000eab00000,0x00000000eaeffff8,0x00000000eaf00000)
  from space 2560K, 88% used [0x00000000eb200000,0x00000000eb437520,0x00000000eb480000)
  to   space 2560K, 0% used [0x00000000eaf80000,0x00000000eaf80000,0x00000000eb200000)
 ParOldGen       total 197120K, used 193261K [0x00000000c0000000, 0x00000000cc080000, 0x00000000eab00000)
  object space 197120K, 98% used [0x00000000c0000000,0x00000000cbcbb428,0x00000000cc080000)
 Metaspace       used 94471K, committed 95680K, reserved 1138688K
  class space    used 9457K, committed 9984K, reserved 1048576K
}
Event: 2444.281 GC heap after
{Heap after GC invocations=5533 (full 109):
 PSYoungGen      total 7168K, used 1457K [0x00000000eab00000, 0x00000000eb400000, 0x0000000100000000)
  eden space 4608K, 0% used [0x00000000eab00000,0x00000000eab00000,0x00000000eaf80000)
  from space 2560K, 56% used [0x00000000eaf80000,0x00000000eb0ec720,0x00000000eb200000)
  to   space 2048K, 0% used [0x00000000eb200000,0x00000000eb200000,0x00000000eb400000)
 ParOldGen       total 197120K, used 193293K [0x00000000c0000000, 0x00000000cc080000, 0x00000000eab00000)
  object space 197120K, 98% used [0x00000000c0000000,0x00000000cbcc3428,0x00000000cc080000)
 Metaspace       used 94471K, committed 95680K, reserved 1138688K
  class space    used 9457K, committed 9984K, reserved 1048576K
}
Event: 2444.334 GC heap before
{Heap before GC invocations=5534 (full 109):
 PSYoungGen      total 7168K, used 6065K [0x00000000eab00000, 0x00000000eb400000, 0x0000000100000000)
  eden space 4608K, 100% used [0x00000000eab00000,0x00000000eaf80000,0x00000000eaf80000)
  from space 2560K, 56% used [0x00000000eaf80000,0x00000000eb0ec720,0x00000000eb200000)
  to   space 2048K, 0% used [0x00000000eb200000,0x00000000eb200000,0x00000000eb400000)
 ParOldGen       total 197120K, used 193293K [0x00000000c0000000, 0x00000000cc080000, 0x00000000eab00000)
  object space 197120K, 98% used [0x00000000c0000000,0x00000000cbcc3428,0x00000000cc080000)
 Metaspace       used 94471K, committed 95680K, reserved 1138688K
  class space    used 9457K, committed 9984K, reserved 1048576K
}
Event: 2444.344 GC heap after
{Heap after GC invocations=5534 (full 109):
 PSYoungGen      total 7168K, used 1920K [0x00000000eab00000, 0x00000000eb480000, 0x0000000100000000)
  eden space 5120K, 0% used [0x00000000eab00000,0x00000000eab00000,0x00000000eb000000)
  from space 2048K, 93% used [0x00000000eb200000,0x00000000eb3e0000,0x00000000eb400000)
  to   space 2048K, 0% used [0x00000000eb000000,0x00000000eb000000,0x00000000eb200000)
 ParOldGen       total 197120K, used 194654K [0x00000000c0000000, 0x00000000cc080000, 0x00000000eab00000)
  object space 197120K, 98% used [0x00000000c0000000,0x00000000cbe17b48,0x00000000cc080000)
 Metaspace       used 94471K, committed 95680K, reserved 1138688K
  class space    used 9457K, committed 9984K, reserved 1048576K
}
Event: 2444.441 GC heap before
{Heap before GC invocations=5535 (full 109):
 PSYoungGen      total 7168K, used 7040K [0x00000000eab00000, 0x00000000eb480000, 0x0000000100000000)
  eden space 5120K, 100% used [0x00000000eab00000,0x00000000eb000000,0x00000000eb000000)
  from space 2048K, 93% used [0x00000000eb200000,0x00000000eb3e0000,0x00000000eb400000)
  to   space 2048K, 0% used [0x00000000eb000000,0x00000000eb000000,0x00000000eb200000)
 ParOldGen       total 197120K, used 194654K [0x00000000c0000000, 0x00000000cc080000, 0x00000000eab00000)
  object space 197120K, 98% used [0x00000000c0000000,0x00000000cbe17b48,0x00000000cc080000)
 Metaspace       used 94471K, committed 95680K, reserved 1138688K
  class space    used 9457K, committed 9984K, reserved 1048576K
}
Event: 2444.456 GC heap after
{Heap after GC invocations=5535 (full 109):
 PSYoungGen      total 7168K, used 2045K [0x00000000eab00000, 0x00000000ebc00000, 0x0000000100000000)
  eden space 5120K, 0% used [0x00000000eab00000,0x00000000eab00000,0x00000000eb000000)
  from space 2048K, 99% used [0x00000000eb000000,0x00000000eb1ff520,0x00000000eb200000)
  to   space 6144K, 0% used [0x00000000eb600000,0x00000000eb600000,0x00000000ebc00000)
 ParOldGen       total 198144K, used 197734K [0x00000000c0000000, 0x00000000cc180000, 0x00000000eab00000)
  object space 198144K, 99% used [0x00000000c0000000,0x00000000cc119b48,0x00000000cc180000)
 Metaspace       used 94471K, committed 95680K, reserved 1138688K
  class space    used 9457K, committed 9984K, reserved 1048576K
}
Event: 2444.456 GC heap before
{Heap before GC invocations=5536 (full 110):
 PSYoungGen      total 7168K, used 2045K [0x00000000eab00000, 0x00000000ebc00000, 0x0000000100000000)
  eden space 5120K, 0% used [0x00000000eab00000,0x00000000eab00000,0x00000000eb000000)
  from space 2048K, 99% used [0x00000000eb000000,0x00000000eb1ff520,0x00000000eb200000)
  to   space 6144K, 0% used [0x00000000eb600000,0x00000000eb600000,0x00000000ebc00000)
 ParOldGen       total 198144K, used 197734K [0x00000000c0000000, 0x00000000cc180000, 0x00000000eab00000)
  object space 198144K, 99% used [0x00000000c0000000,0x00000000cc119b48,0x00000000cc180000)
 Metaspace       used 94471K, committed 95680K, reserved 1138688K
  class space    used 9457K, committed 9984K, reserved 1048576K
}

Deoptimization events (20 events):
Event: 2425.133 Thread 0x000002b2bf5690f0 Uncommon trap: trap_request=0xffffffde fr.pc=0x000002b2a2e954f4 relative=0x0000000000000f94
Event: 2425.133 Thread 0x000002b2bf5690f0 Uncommon trap: reason=class_check action=maybe_recompile pc=0x000002b2a2e954f4 method=org.eclipse.jdt.internal.core.search.BasicSearchEngine$5.acceptIndexMatch(Ljava/lang/String;Lorg/eclipse/jdt/core/search/SearchPattern;Lorg/eclipse/jdt/core/search/Searc
Event: 2425.133 Thread 0x000002b2bf5690f0 DEOPT PACKING pc=0x000002b2a2e954f4 sp=0x000000e69cefe3a0
Event: 2425.134 Thread 0x000002b2bf5690f0 DEOPT UNPACKING pc=0x000002b29ae2209d sp=0x000000e69cefe210 mode 2
Event: 2425.713 Thread 0x000002b2bf5690f0 Uncommon trap: trap_request=0xffffff45 fr.pc=0x000002b2a38750e4 relative=0x0000000000000124
Event: 2425.713 Thread 0x000002b2bf5690f0 Uncommon trap: reason=unstable_if action=reinterpret pc=0x000002b2a38750e4 method=org.eclipse.jdt.internal.corext.dom.SelectionAnalyzer.visitNode(Lorg/eclipse/jdt/core/dom/ASTNode;)Z @ 57 c2
Event: 2425.713 Thread 0x000002b2bf5690f0 DEOPT PACKING pc=0x000002b2a38750e4 sp=0x000000e69cefe3c0
Event: 2425.713 Thread 0x000002b2bf5690f0 DEOPT UNPACKING pc=0x000002b29ae2209d sp=0x000000e69cefe350 mode 2
Event: 2430.570 Thread 0x000002b2b17b7550 DEOPT PACKING pc=0x000002b29d9157de sp=0x000000e69bdfdf10
Event: 2430.570 Thread 0x000002b2b17b7550 DEOPT UNPACKING pc=0x000002b29ae22824 sp=0x000000e69bdfd420 mode 0
Event: 2438.861 Thread 0x000002b2bf5690f0 Uncommon trap: trap_request=0xffffff45 fr.pc=0x000002b2a3450484 relative=0x00000000000000e4
Event: 2438.861 Thread 0x000002b2bf5690f0 Uncommon trap: reason=unstable_if action=reinterpret pc=0x000002b2a3450484 method=java.util.concurrent.ForkJoinTask.signalWaiters()V @ 38 c2
Event: 2438.862 Thread 0x000002b2bf5690f0 DEOPT PACKING pc=0x000002b2a3450484 sp=0x000000e69cefe000
Event: 2438.862 Thread 0x000002b2bf5690f0 DEOPT UNPACKING pc=0x000002b29ae2209d sp=0x000000e69cefdf80 mode 2
Event: 2441.128 Thread 0x000002b2b17b7550 DEOPT PACKING pc=0x000002b29d9157de sp=0x000000e69bdfd5d0
Event: 2441.128 Thread 0x000002b2b17b7550 DEOPT UNPACKING pc=0x000002b29ae22824 sp=0x000000e69bdfcae0 mode 0
Event: 2443.085 Thread 0x000002b2b17b7550 Uncommon trap: trap_request=0xffffffbe fr.pc=0x000002b2a3a38bbc relative=0x000000000000021c
Event: 2443.085 Thread 0x000002b2b17b7550 Uncommon trap: reason=profile_predicate action=maybe_recompile pc=0x000002b2a3a38bbc method=java.util.Arrays.fill([Ljava/lang/Object;Ljava/lang/Object;)V @ 5 c2
Event: 2443.085 Thread 0x000002b2b17b7550 DEOPT PACKING pc=0x000002b2a3a38bbc sp=0x000000e69bdfe590
Event: 2443.085 Thread 0x000002b2b17b7550 DEOPT UNPACKING pc=0x000002b29ae2209d sp=0x000000e69bdfe558 mode 2

Classes unloaded (20 events):
Event: 2106.196 Thread 0x000002b2abf370a0 Unloading class 0x0000000100980c00 'java/lang/invoke/LambdaForm$MH+0x0000000100980c00'
Event: 2106.196 Thread 0x000002b2abf370a0 Unloading class 0x0000000100980800 'java/lang/invoke/LambdaForm$MH+0x0000000100980800'
Event: 2106.196 Thread 0x000002b2abf370a0 Unloading class 0x0000000100980400 'java/lang/invoke/LambdaForm$MH+0x0000000100980400'
Event: 2106.196 Thread 0x000002b2abf370a0 Unloading class 0x000000010096d800 'java/lang/invoke/LambdaForm$MH+0x000000010096d800'
Event: 2106.196 Thread 0x000002b2abf370a0 Unloading class 0x000000010096d400 'java/lang/invoke/LambdaForm$MH+0x000000010096d400'
Event: 2106.196 Thread 0x000002b2abf370a0 Unloading class 0x000000010096d000 'java/lang/invoke/LambdaForm$MH+0x000000010096d000'
Event: 2106.196 Thread 0x000002b2abf370a0 Unloading class 0x000000010096cc00 'java/lang/invoke/LambdaForm$MH+0x000000010096cc00'
Event: 2106.196 Thread 0x000002b2abf370a0 Unloading class 0x000000010096c800 'java/lang/invoke/LambdaForm$MH+0x000000010096c800'
Event: 2106.196 Thread 0x000002b2abf370a0 Unloading class 0x000000010096c400 'java/lang/invoke/LambdaForm$MH+0x000000010096c400'
Event: 2106.196 Thread 0x000002b2abf370a0 Unloading class 0x0000000100961c00 'java/lang/invoke/LambdaForm$MH+0x0000000100961c00'
Event: 2106.196 Thread 0x000002b2abf370a0 Unloading class 0x0000000100961800 'java/lang/invoke/LambdaForm$MH+0x0000000100961800'
Event: 2106.196 Thread 0x000002b2abf370a0 Unloading class 0x0000000100961400 'java/lang/invoke/LambdaForm$MH+0x0000000100961400'
Event: 2106.196 Thread 0x000002b2abf370a0 Unloading class 0x0000000100961000 'java/lang/invoke/LambdaForm$MH+0x0000000100961000'
Event: 2106.196 Thread 0x000002b2abf370a0 Unloading class 0x0000000100960c00 'java/lang/invoke/LambdaForm$MH+0x0000000100960c00'
Event: 2106.196 Thread 0x000002b2abf370a0 Unloading class 0x0000000100960800 'java/lang/invoke/LambdaForm$MH+0x0000000100960800'
Event: 2106.196 Thread 0x000002b2abf370a0 Unloading class 0x0000000100960400 'java/lang/invoke/LambdaForm$MH+0x0000000100960400'
Event: 2106.196 Thread 0x000002b2abf370a0 Unloading class 0x0000000100960000 'java/lang/invoke/LambdaForm$MH+0x0000000100960000'
Event: 2106.196 Thread 0x000002b2abf370a0 Unloading class 0x0000000100951800 'java/lang/invoke/LambdaForm$MH+0x0000000100951800'
Event: 2106.196 Thread 0x000002b2abf370a0 Unloading class 0x0000000100951400 'java/lang/invoke/LambdaForm$MH+0x0000000100951400'
Event: 2106.196 Thread 0x000002b2abf370a0 Unloading class 0x0000000100950c00 'java/lang/invoke/LambdaForm$MH+0x0000000100950c00'

Classes redefined (0 events):
No events

Internal exceptions (20 events):
Event: 2367.566 Thread 0x000002b2b4b149b0 Exception <a 'java/lang/ClassNotFoundException'{0x00000000ead682a8}: sun/net/www/protocol/jdt/Handler> (0x00000000ead682a8) 
thrown [e:\jenkins\tmp\workspace\build\src\src\hotspot\share\classfile\systemDictionary.cpp, line 256]
Event: 2412.951 Thread 0x000002b2bf56a430 Exception <a 'java/lang/ArrayIndexOutOfBoundsException'{0x00000000eac8c848}: Index 1125 out of bounds for length 1125> (0x00000000eac8c848) 
thrown [e:\jenkins\tmp\workspace\build\src\src\hotspot\share\interpreter\interpreterRuntime.cpp, line 428]
Event: 2412.951 Thread 0x000002b2bf56a430 Exception <a 'java/lang/ArrayIndexOutOfBoundsException'{0x00000000eac8cc08}: Index 1125 out of bounds for length 1125> (0x00000000eac8cc08) 
thrown [e:\jenkins\tmp\workspace\build\src\src\hotspot\share\interpreter\interpreterRuntime.cpp, line 428]
Event: 2412.951 Thread 0x000002b2bf56a430 Exception <a 'java/lang/ArrayIndexOutOfBoundsException'{0x00000000eac8cf78}: Index 1126 out of bounds for length 1125> (0x00000000eac8cf78) 
thrown [e:\jenkins\tmp\workspace\build\src\src\hotspot\share\interpreter\interpreterRuntime.cpp, line 428]
Event: 2413.353 Thread 0x000002b2bf56a430 Exception <a 'java/lang/ArrayIndexOutOfBoundsException'{0x00000000eac074b8}> (0x00000000eac074b8) 
thrown [e:\jenkins\tmp\workspace\build\src\src\hotspot\share\runtime\sharedRuntime.cpp, line 628]
Event: 2413.354 Thread 0x000002b2bf56a430 Exception <a 'java/lang/ArrayIndexOutOfBoundsException'{0x00000000eac07878}> (0x00000000eac07878) 
thrown [e:\jenkins\tmp\workspace\build\src\src\hotspot\share\runtime\sharedRuntime.cpp, line 628]
Event: 2413.354 Thread 0x000002b2bf56a430 Exception <a 'java/lang/ArrayIndexOutOfBoundsException'{0x00000000eac07be8}> (0x00000000eac07be8) 
thrown [e:\jenkins\tmp\workspace\build\src\src\hotspot\share\runtime\sharedRuntime.cpp, line 628]
Event: 2414.018 Thread 0x000002b2bf56a430 Implicit null exception at 0x000002b2a391dfe8 to 0x000002b2a391f724
Event: 2414.386 Thread 0x000002b2bf5695c0 Implicit null exception at 0x000002b2a3973400 to 0x000002b2a3973a48
Event: 2414.387 Thread 0x000002b2bf5695c0 Implicit null exception at 0x000002b2a2fa2c15 to 0x000002b2a2fa4e7c
Event: 2423.732 Thread 0x000002b2bf56a430 Exception <a 'java/lang/ArrayIndexOutOfBoundsException'{0x00000000eafd3f18}> (0x00000000eafd3f18) 
thrown [e:\jenkins\tmp\workspace\build\src\src\hotspot\share\runtime\sharedRuntime.cpp, line 628]
Event: 2423.732 Thread 0x000002b2bf56a430 Exception <a 'java/lang/ArrayIndexOutOfBoundsException'{0x00000000eafd42d8}> (0x00000000eafd42d8) 
thrown [e:\jenkins\tmp\workspace\build\src\src\hotspot\share\runtime\sharedRuntime.cpp, line 628]
Event: 2423.732 Thread 0x000002b2bf56a430 Exception <a 'java/lang/ArrayIndexOutOfBoundsException'{0x00000000eafd4648}> (0x00000000eafd4648) 
thrown [e:\jenkins\tmp\workspace\build\src\src\hotspot\share\runtime\sharedRuntime.cpp, line 628]
Event: 2423.938 Thread 0x000002b2bf56a430 Implicit null exception at 0x000002b2a33dcc7f to 0x000002b2a33dcdd8
Event: 2439.545 Thread 0x000002b2bf5690f0 Exception <a 'java/lang/ArrayIndexOutOfBoundsException'{0x00000000eac1a000}> (0x00000000eac1a000) 
thrown [e:\jenkins\tmp\workspace\build\src\src\hotspot\share\runtime\sharedRuntime.cpp, line 628]
Event: 2439.545 Thread 0x000002b2bf5690f0 Exception <a 'java/lang/ArrayIndexOutOfBoundsException'{0x00000000eac1a3c0}> (0x00000000eac1a3c0) 
thrown [e:\jenkins\tmp\workspace\build\src\src\hotspot\share\runtime\sharedRuntime.cpp, line 628]
Event: 2439.545 Thread 0x000002b2bf5690f0 Exception <a 'java/lang/ArrayIndexOutOfBoundsException'{0x00000000eac1a730}> (0x00000000eac1a730) 
thrown [e:\jenkins\tmp\workspace\build\src\src\hotspot\share\runtime\sharedRuntime.cpp, line 628]
Event: 2439.928 Thread 0x000002b2b17b8890 Exception <a 'java/lang/ArrayIndexOutOfBoundsException'{0x00000000eab492e8}> (0x00000000eab492e8) 
thrown [e:\jenkins\tmp\workspace\build\src\src\hotspot\share\runtime\sharedRuntime.cpp, line 628]
Event: 2439.928 Thread 0x000002b2b17b8890 Exception <a 'java/lang/ArrayIndexOutOfBoundsException'{0x00000000eab496a8}> (0x00000000eab496a8) 
thrown [e:\jenkins\tmp\workspace\build\src\src\hotspot\share\runtime\sharedRuntime.cpp, line 628]
Event: 2439.928 Thread 0x000002b2b17b8890 Exception <a 'java/lang/ArrayIndexOutOfBoundsException'{0x00000000eab49a18}> (0x00000000eab49a18) 
thrown [e:\jenkins\tmp\workspace\build\src\src\hotspot\share\runtime\sharedRuntime.cpp, line 628]

VM Operations (20 events):
Event: 2443.064 Executing VM operation: ParallelGCFailedAllocation done
Event: 2443.106 Executing VM operation: ParallelGCFailedAllocation
Event: 2443.110 Executing VM operation: ParallelGCFailedAllocation done
Event: 2444.003 Executing VM operation: HandshakeAllThreads
Event: 2444.004 Executing VM operation: HandshakeAllThreads done
Event: 2444.017 Executing VM operation: ParallelGCFailedAllocation
Event: 2444.023 Executing VM operation: ParallelGCFailedAllocation done
Event: 2444.040 Executing VM operation: ParallelGCFailedAllocation
Event: 2444.047 Executing VM operation: ParallelGCFailedAllocation done
Event: 2444.060 Executing VM operation: ParallelGCFailedAllocation
Event: 2444.069 Executing VM operation: ParallelGCFailedAllocation done
Event: 2444.126 Executing VM operation: ParallelGCFailedAllocation
Event: 2444.137 Executing VM operation: ParallelGCFailedAllocation done
Event: 2444.202 Executing VM operation: ParallelGCFailedAllocation
Event: 2444.215 Executing VM operation: ParallelGCFailedAllocation done
Event: 2444.274 Executing VM operation: ParallelGCFailedAllocation
Event: 2444.285 Executing VM operation: ParallelGCFailedAllocation done
Event: 2444.334 Executing VM operation: ParallelGCFailedAllocation
Event: 2444.344 Executing VM operation: ParallelGCFailedAllocation done
Event: 2444.441 Executing VM operation: ParallelGCFailedAllocation

Events (20 events):
Event: 2380.566 Thread 0x000002b2ad92c1c0 flushing nmethod 0x000002b29d772f90
Event: 2380.566 Thread 0x000002b2ad92c1c0 flushing nmethod 0x000002b29d787690
Event: 2380.568 Thread 0x000002b2ad92c1c0 flushing nmethod 0x000002b29d8e0f10
Event: 2380.569 Thread 0x000002b2ad92c1c0 flushing nmethod 0x000002b29d964290
Event: 2380.570 Thread 0x000002b2ad92c1c0 flushing nmethod 0x000002b29d9af090
Event: 2380.570 Thread 0x000002b2ad92c1c0 flushing nmethod 0x000002b29d9dc390
Event: 2380.570 Thread 0x000002b2ad92c1c0 flushing nmethod 0x000002b29d9e8c90
Event: 2380.571 Thread 0x000002b2ad92c1c0 flushing nmethod 0x000002b29da74f90
Event: 2380.571 Thread 0x000002b2ad92c1c0 flushing nmethod 0x000002b29daab890
Event: 2380.571 Thread 0x000002b2ad92c1c0 flushing nmethod 0x000002b29daad790
Event: 2385.605 Thread 0x000002b2afbeaa00 Thread added: 0x000002b2afbeaa00
Event: 2405.427 Thread 0x000002b2b4b10ff0 Thread exited: 0x000002b2b4b10ff0
Event: 2424.977 Thread 0x000002b2b4b15820 Thread exited: 0x000002b2b4b15820
Event: 2425.010 Thread 0x000002b2b4b12cd0 Thread exited: 0x000002b2b4b12cd0
Event: 2425.011 Thread 0x000002b2b4b14e80 Thread exited: 0x000002b2b4b14e80
Event: 2427.416 Thread 0x000002b2b4b144e0 Thread exited: 0x000002b2b4b144e0
Event: 2427.571 Thread 0x000002b2b4b149b0 Thread exited: 0x000002b2b4b149b0
Event: 2433.022 Thread 0x000002b2b4b15350 Thread exited: 0x000002b2b4b15350
Event: 2440.708 Thread 0x000002b2adbb9600 Thread added: 0x000002b2adbb9600
Event: 2442.887 Thread 0x000002b2adbb9600 Thread exited: 0x000002b2adbb9600


Dynamic libraries:
0x00007ff7cd7c0000 - 0x00007ff7cd7ce000 	c:\Users\patri\.vscode\extensions\redhat.java-1.2.0\jre\17.0.1-win32-x86_64\bin\java.exe
0x00007ffb442d0000 - 0x00007ffb444c5000 	C:\Windows\SYSTEM32\ntdll.dll
0x00007ffb425d0000 - 0x00007ffb4268e000 	C:\Windows\System32\KERNEL32.DLL
0x00007ffb41d50000 - 0x00007ffb42018000 	C:\Windows\System32\KERNELBASE.dll
0x00007ffb419e0000 - 0x00007ffb41ae0000 	C:\Windows\System32\ucrtbase.dll
0x00007ffb28260000 - 0x00007ffb28278000 	c:\Users\patri\.vscode\extensions\redhat.java-1.2.0\jre\17.0.1-win32-x86_64\bin\jli.dll
0x00007ffb29000000 - 0x00007ffb29019000 	c:\Users\patri\.vscode\extensions\redhat.java-1.2.0\jre\17.0.1-win32-x86_64\bin\VCRUNTIME140.dll
0x00007ffb43f10000 - 0x00007ffb440b1000 	C:\Windows\System32\USER32.dll
0x00007ffb40d80000 - 0x00007ffb4101a000 	C:\Windows\WinSxS\amd64_microsoft.windows.common-controls_6595b64144ccf1df_6.0.19041.1110_none_60b5254171f9507e\COMCTL32.dll
0x00007ffb441f0000 - 0x00007ffb4428e000 	C:\Windows\System32\msvcrt.dll
0x00007ffb427b0000 - 0x00007ffb427db000 	C:\Windows\System32\GDI32.dll
0x00007ffb41bc0000 - 0x00007ffb41be2000 	C:\Windows\System32\win32u.dll
0x00007ffb42160000 - 0x00007ffb4226d000 	C:\Windows\System32\gdi32full.dll
0x00007ffb42270000 - 0x00007ffb4230d000 	C:\Windows\System32\msvcp_win.dll
0x00007ffb43e40000 - 0x00007ffb43e70000 	C:\Windows\System32\IMM32.DLL
0x00007ffb314e0000 - 0x00007ffb314ec000 	c:\Users\patri\.vscode\extensions\redhat.java-1.2.0\jre\17.0.1-win32-x86_64\bin\vcruntime140_1.dll
0x00007ffaefb00000 - 0x00007ffaefb91000 	c:\Users\patri\.vscode\extensions\redhat.java-1.2.0\jre\17.0.1-win32-x86_64\bin\msvcp140.dll
0x00007ffaeeeb0000 - 0x00007ffaefaf6000 	c:\Users\patri\.vscode\extensions\redhat.java-1.2.0\jre\17.0.1-win32-x86_64\bin\server\jvm.dll
0x00007ffb438a0000 - 0x00007ffb4394e000 	C:\Windows\System32\ADVAPI32.dll
0x00007ffb43e70000 - 0x00007ffb43f0c000 	C:\Windows\System32\sechost.dll
0x00007ffb43d10000 - 0x00007ffb43e35000 	C:\Windows\System32\RPCRT4.dll
0x00007ffb427e0000 - 0x00007ffb427e8000 	C:\Windows\System32\PSAPI.DLL
0x00007ffb31710000 - 0x00007ffb31719000 	C:\Windows\SYSTEM32\WSOCK32.dll
0x00007ffb43b60000 - 0x00007ffb43bcb000 	C:\Windows\System32\WS2_32.dll
0x00007ffb2a6c0000 - 0x00007ffb2a6e7000 	C:\Windows\SYSTEM32\WINMM.dll
0x00007ffb3f480000 - 0x00007ffb3f48a000 	C:\Windows\SYSTEM32\VERSION.dll
0x00007ffb3eab0000 - 0x00007ffb3eac2000 	C:\Windows\SYSTEM32\kernel.appcore.dll
0x00007ffb2ffa0000 - 0x00007ffb2ffaa000 	c:\Users\patri\.vscode\extensions\redhat.java-1.2.0\jre\17.0.1-win32-x86_64\bin\jimage.dll
0x00007ffb41380000 - 0x00007ffb41564000 	C:\Windows\SYSTEM32\DBGHELP.DLL
0x00007ffb412d0000 - 0x00007ffb412fc000 	C:\Windows\SYSTEM32\dbgcore.DLL
0x00007ffb42080000 - 0x00007ffb42102000 	C:\Windows\System32\bcryptPrimitives.dll
0x00007ffb27200000 - 0x00007ffb27225000 	c:\Users\patri\.vscode\extensions\redhat.java-1.2.0\jre\17.0.1-win32-x86_64\bin\java.dll
0x00007ffb25b30000 - 0x00007ffb25b48000 	c:\Users\patri\.vscode\extensions\redhat.java-1.2.0\jre\17.0.1-win32-x86_64\bin\zip.dll
0x00007ffb427f0000 - 0x00007ffb42f34000 	C:\Windows\System32\SHELL32.dll
0x00007ffb3ecd0000 - 0x00007ffb3f465000 	C:\Windows\SYSTEM32\windows.storage.dll
0x00007ffb42f40000 - 0x00007ffb43295000 	C:\Windows\System32\combase.dll
0x00007ffb40ce0000 - 0x00007ffb40d0e000 	C:\Windows\SYSTEM32\Wldp.dll
0x00007ffb43ab0000 - 0x00007ffb43b5d000 	C:\Windows\System32\SHCORE.dll
0x00007ffb43840000 - 0x00007ffb43895000 	C:\Windows\System32\shlwapi.dll
0x00007ffb41920000 - 0x00007ffb4193f000 	C:\Windows\SYSTEM32\profapi.dll
0x00007ffb25230000 - 0x00007ffb25249000 	C:\Users\patri\.vscode\extensions\redhat.java-1.2.0\jre\17.0.1-win32-x86_64\bin\net.dll
0x00007ffb3b4c0000 - 0x00007ffb3b5cc000 	C:\Windows\SYSTEM32\WINHTTP.dll
0x00007ffb40b80000 - 0x00007ffb40bea000 	C:\Windows\system32\mswsock.dll
0x00007ffb24c60000 - 0x00007ffb24c75000 	C:\Users\patri\.vscode\extensions\redhat.java-1.2.0\jre\17.0.1-win32-x86_64\bin\nio.dll
0x00007ffb41690000 - 0x00007ffb416a8000 	C:\Windows\SYSTEM32\CRYPTSP.dll
0x00007ffb403e0000 - 0x00007ffb40414000 	C:\Windows\system32\rsaenh.dll
0x00007ffb41ae0000 - 0x00007ffb41b07000 	C:\Windows\System32\bcrypt.dll
0x00007ffb418a0000 - 0x00007ffb418ce000 	C:\Windows\SYSTEM32\USERENV.dll
0x00007ffb40cb0000 - 0x00007ffb40cbc000 	C:\Windows\SYSTEM32\CRYPTBASE.dll
0x00007ffb40730000 - 0x00007ffb4076b000 	C:\Windows\SYSTEM32\IPHLPAPI.DLL
0x00007ffb42330000 - 0x00007ffb42338000 	C:\Windows\System32\NSI.dll
0x00007ffb33340000 - 0x00007ffb33357000 	C:\Windows\SYSTEM32\dhcpcsvc6.DLL
0x00007ffb33410000 - 0x00007ffb3342d000 	C:\Windows\SYSTEM32\dhcpcsvc.DLL
0x00007ffb40770000 - 0x00007ffb4083b000 	C:\Windows\SYSTEM32\DNSAPI.dll
0x00007ffb27290000 - 0x00007ffb272ce000 	C:\Users\patri\AppData\Roaming\Code\User\globalStorage\redhat.java\1.2.0\config_win\org.eclipse.equinox.launcher\org.eclipse.equinox.launcher.win32.win32.x86_64_1.2.400.v20211117-0650\eclipse_11602.dll
0x00007ffb440c0000 - 0x00007ffb441ea000 	C:\Windows\System32\ole32.dll
0x00007ffb3b670000 - 0x00007ffb3b680000 	c:\Users\patri\.vscode\extensions\redhat.java-1.2.0\jre\17.0.1-win32-x86_64\bin\verify.dll
0x00007ffb27250000 - 0x00007ffb27261000 	C:\Users\patri\AppData\Roaming\Code\User\globalStorage\redhat.java\1.2.0\config_win\org.eclipse.osgi\22\0\.cp\jWinHttp-1.0.0.dll
0x00007ffb2f6e0000 - 0x00007ffb2f6ee000 	C:\Users\patri\.vscode\extensions\redhat.java-1.2.0\jre\17.0.1-win32-x86_64\bin\sunmscapi.dll
0x00007ffb41bf0000 - 0x00007ffb41d46000 	C:\Windows\System32\CRYPT32.dll
0x00007ffb40d50000 - 0x00007ffb40d77000 	C:\Windows\SYSTEM32\ncrypt.dll
0x00007ffb40d10000 - 0x00007ffb40d4b000 	C:\Windows\SYSTEM32\NTASN1.dll
0x00007ffb331e0000 - 0x00007ffb331ea000 	C:\Windows\System32\rasadhlp.dll
0x00007ffb33040000 - 0x00007ffb330bf000 	C:\Windows\System32\fwpuclnt.dll
0x00007ffb3c7c0000 - 0x00007ffb3c7c7000 	C:\Windows\system32\wshunix.dll

dbghelp: loaded successfully - version: 4.0.5 - missing functions: none
symbol engine: initialized successfully - sym options: 0x614 - pdb path: .;c:\Users\patri\.vscode\extensions\redhat.java-1.2.0\jre\17.0.1-win32-x86_64\bin;C:\Windows\SYSTEM32;C:\Windows\WinSxS\amd64_microsoft.windows.common-controls_6595b64144ccf1df_6.0.19041.1110_none_60b5254171f9507e;c:\Users\patri\.vscode\extensions\redhat.java-1.2.0\jre\17.0.1-win32-x86_64\bin\server;C:\Users\patri\AppData\Roaming\Code\User\globalStorage\redhat.java\1.2.0\config_win\org.eclipse.equinox.launcher\org.eclipse.equinox.launcher.win32.win32.x86_64_1.2.400.v20211117-0650;C:\Users\patri\AppData\Roaming\Code\User\globalStorage\redhat.java\1.2.0\config_win\org.eclipse.osgi\22\0\.cp

VM Arguments:
jvm_args: --add-modules=ALL-SYSTEM --add-opens=java.base/java.util=ALL-UNNAMED --add-opens=java.base/java.lang=ALL-UNNAMED -Declipse.application=org.eclipse.jdt.ls.core.id1 -Dosgi.bundles.defaultStartLevel=4 -Declipse.product=org.eclipse.jdt.ls.core.product -Djava.import.generatesMetadataFilesAtProjectRoot=false -Dfile.encoding=utf8 -DwatchParentProcess=false -XX:+UseParallelGC -XX:GCTimeRatio=4 -XX:AdaptiveSizePolicyWeight=90 -Dsun.zip.disableMemoryMapping=true -Xmx1G -Xms100m -XX:+HeapDumpOnOutOfMemoryError -XX:HeapDumpPath=c:\Users\patri\AppData\Roaming\Code\User\workspaceStorage\39c773b0843f3eb48572b34db7eaa642\redhat.java 
java_command: c:\Users\patri\.vscode\extensions\redhat.java-1.2.0\server\plugins\org.eclipse.equinox.launcher_1.6.400.v20210924-0641.jar -configuration c:\Users\patri\AppData\Roaming\Code\User\globalStorage\redhat.java\1.2.0\config_win -data c:\Users\patri\AppData\Roaming\Code\User\workspaceStorage\39c773b0843f3eb48572b34db7eaa642\redhat.java\jdt_ws
java_class_path (initial): c:\Users\patri\.vscode\extensions\redhat.java-1.2.0\server\plugins\org.eclipse.equinox.launcher_1.6.400.v20210924-0641.jar
Launcher Type: SUN_STANDARD

[Global flags]
    uintx AdaptiveSizePolicyWeight                 = 90                                        {product} {command line}
     intx CICompilerCount                          = 3                                         {product} {ergonomic}
    uintx GCTimeRatio                              = 4                                         {product} {command line}
     bool HeapDumpOnOutOfMemoryError               = true                                   {manageable} {command line}
    ccstr HeapDumpPath                             = c:\Users\patri\AppData\Roaming\Code\User\workspaceStorage\39c773b0843f3eb48572b34db7eaa642\redhat.java         {manageable} {command line}
   size_t InitialHeapSize                          = 104857600                                 {product} {command line}
   size_t MaxHeapSize                              = 1073741824                                {product} {command line}
   size_t MaxNewSize                               = 357564416                                 {product} {ergonomic}
   size_t MinHeapDeltaBytes                        = 524288                                    {product} {ergonomic}
   size_t MinHeapSize                              = 104857600                                 {product} {command line}
   size_t NewSize                                  = 34603008                                  {product} {ergonomic}
    uintx NonNMethodCodeHeapSize                   = 5832780                                {pd product} {ergonomic}
    uintx NonProfiledCodeHeapSize                  = 122912730                              {pd product} {ergonomic}
   size_t OldSize                                  = 70254592                                  {product} {ergonomic}
    uintx ProfiledCodeHeapSize                     = 122912730                              {pd product} {ergonomic}
    uintx ReservedCodeCacheSize                    = 251658240                              {pd product} {ergonomic}
     bool SegmentedCodeCache                       = true                                      {product} {ergonomic}
   size_t SoftMaxHeapSize                          = 1073741824                             {manageable} {ergonomic}
     bool UseCompressedClassPointers               = true                           {product lp64_product} {ergonomic}
     bool UseCompressedOops                        = true                           {product lp64_product} {ergonomic}
     bool UseLargePagesIndividualAllocation        = false                                  {pd product} {ergonomic}
     bool UseParallelGC                            = true                                      {product} {command line}

Logging:
Log output configuration:
 #0: stdout all=warning uptime,level,tags
 #1: stderr all=off uptime,level,tags

Environment Variables:
JAVA_HOME=C:\Program Files\Java\jdk-17.0.1
PATH=C:\Program Files\Common Files\Oracle\Java\javapath;C:\Program Files\Eclipse Foundation\jdk-11.0.12.7-hotspot\bin;C:\Windows\system32;C:\Windows;C:\Windows\System32\Wbem;C:\Windows\System32\WindowsPowerShell\v1.0\;C:\Windows\System32\OpenSSH\;C:\Program Files\Git\cmd;C:\Gradle\gradle-7.2-bin\gradle-7.2\bin;C:\Program Files\Java\jdk-17.0.1\bin;C:\Program Files\Microsoft VS Code\bin;C:\Program Files\nodejs\;C:\Users\patri\AppData\Local\Microsoft\WindowsApps;;D:\Microsoft VS Code\bin;C:\Users\patri\AppData\Roaming\npm
USERNAME=patri
OS=Windows_NT
PROCESSOR_IDENTIFIER=Intel64 Family 6 Model 76 Stepping 4, GenuineIntel



---------------  S Y S T E M  ---------------

OS:
 Windows 10 , 64 bit Build 19041 (10.0.19041.1466)
OS uptime: 0 days 1:14 hours

CPU: total 4 (initial active 4) (4 cores per cpu, 1 threads per core) family 6 model 76 stepping 4 microcode 0x411, cx8, cmov, fxsr, mmx, 3dnowpref, sse, sse2, sse3, ssse3, sse4.1, sse4.2, popcnt, tsc, tscinvbit, aes, erms, clmul, clflush

Memory: 4k page, system-wide physical 3955M (494M free)
TotalPageFile size 6643M (AvailPageFile size 2249M)
current process WorkingSet (physical memory assigned to process): 496M, peak: 538M
current process commit charge ("private bytes"): 516M, peak: 563M

vm_info: OpenJDK 64-Bit Server VM (17.0.1+12) for windows-amd64 JRE (17.0.1+12), built on Oct 20 2021 07:42:55 by "" with MS VC++ 16.7 (VS2019)

END.
